{"C:\\express-postgres-template\\src\\config.js": {"path":"C:\\express-postgres-template\\src\\config.js","all":false,"statementMap":{"0":{"start":{"line":1,"column":0},"end":{"line":1,"column":61}},"1":{"start":{"line":2,"column":0},"end":{"line":2,"column":43}},"2":{"start":{"line":3,"column":0},"end":{"line":3,"column":34}},"3":{"start":{"line":4,"column":0},"end":{"line":4,"column":32}},"4":{"start":{"line":5,"column":0},"end":{"line":5,"column":21}},"5":{"start":{"line":6,"column":0},"end":{"line":6,"column":78}},"6":{"start":{"line":7,"column":0},"end":{"line":7,"column":80}},"7":{"start":{"line":8,"column":0},"end":{"line":8,"column":41}},"8":{"start":{"line":9,"column":0},"end":{"line":9,"column":45}},"9":{"start":{"line":10,"column":0},"end":{"line":10,"column":2}},"10":{"start":{"line":11,"column":0},"end":{"line":11,"column":49}},"11":{"start":{"line":12,"column":0},"end":{"line":12,"column":47}}},"s":{"0":1,"1":1,"2":1,"3":1,"4":1,"5":1,"6":1,"7":1,"8":1,"9":1,"10":1,"11":1},"branchMap":{"0":{"type":"branch","line":1,"loc":{"start":{"line":1,"column":0},"end":{"line":12,"column":47}},"locations":[{"start":{"line":1,"column":0},"end":{"line":12,"column":47}}]}},"b":{"0":[1]},"fnMap":{},"f":{}}
,"C:\\express-postgres-template\\src\\core\\ApiError.ts": {"path":"C:\\express-postgres-template\\src\\core\\ApiError.ts","all":false,"statementMap":{"0":{"start":{"line":1,"column":0},"end":{"line":1,"column":35}},"1":{"start":{"line":2,"column":0},"end":{"line":2,"column":44}},"2":{"start":{"line":3,"column":0},"end":{"line":3,"column":8}},"3":{"start":{"line":4,"column":0},"end":{"line":4,"column":22}},"4":{"start":{"line":5,"column":0},"end":{"line":5,"column":27}},"5":{"start":{"line":6,"column":0},"end":{"line":6,"column":24}},"6":{"start":{"line":7,"column":0},"end":{"line":7,"column":19}},"7":{"start":{"line":8,"column":0},"end":{"line":8,"column":21}},"8":{"start":{"line":9,"column":0},"end":{"line":9,"column":20}},"9":{"start":{"line":10,"column":0},"end":{"line":10,"column":23}},"10":{"start":{"line":11,"column":0},"end":{"line":11,"column":0}},"11":{"start":{"line":12,"column":0},"end":{"line":12,"column":23}},"12":{"start":{"line":13,"column":0},"end":{"line":13,"column":30}},"13":{"start":{"line":14,"column":0},"end":{"line":14,"column":38}},"14":{"start":{"line":15,"column":0},"end":{"line":15,"column":36}},"15":{"start":{"line":16,"column":0},"end":{"line":16,"column":36}},"16":{"start":{"line":17,"column":0},"end":{"line":17,"column":29}},"17":{"start":{"line":18,"column":0},"end":{"line":18,"column":30}},"18":{"start":{"line":19,"column":0},"end":{"line":19,"column":28}},"19":{"start":{"line":20,"column":0},"end":{"line":20,"column":26}},"20":{"start":{"line":21,"column":0},"end":{"line":21,"column":34}},"21":{"start":{"line":22,"column":0},"end":{"line":22,"column":31}},"22":{"start":{"line":23,"column":0},"end":{"line":23,"column":1}},"23":{"start":{"line":24,"column":0},"end":{"line":24,"column":0}},"24":{"start":{"line":25,"column":0},"end":{"line":25,"column":46}},"25":{"start":{"line":26,"column":0},"end":{"line":26,"column":14}},"26":{"start":{"line":27,"column":0},"end":{"line":27,"column":27}},"27":{"start":{"line":28,"column":0},"end":{"line":28,"column":36}},"28":{"start":{"line":29,"column":0},"end":{"line":29,"column":5}},"29":{"start":{"line":30,"column":0},"end":{"line":30,"column":16}},"30":{"start":{"line":31,"column":0},"end":{"line":31,"column":3}},"31":{"start":{"line":32,"column":0},"end":{"line":32,"column":0}},"32":{"start":{"line":33,"column":0},"end":{"line":33,"column":64}},"33":{"start":{"line":34,"column":0},"end":{"line":34,"column":23}},"34":{"start":{"line":35,"column":0},"end":{"line":35,"column":31}},"35":{"start":{"line":36,"column":0},"end":{"line":36,"column":35}},"36":{"start":{"line":37,"column":0},"end":{"line":37,"column":34}},"37":{"start":{"line":38,"column":0},"end":{"line":38,"column":62}},"38":{"start":{"line":39,"column":0},"end":{"line":39,"column":34}},"39":{"start":{"line":40,"column":0},"end":{"line":40,"column":67}},"40":{"start":{"line":41,"column":0},"end":{"line":41,"column":30}},"41":{"start":{"line":42,"column":0},"end":{"line":42,"column":64}},"42":{"start":{"line":43,"column":0},"end":{"line":43,"column":31}},"43":{"start":{"line":44,"column":0},"end":{"line":44,"column":30}},"44":{"start":{"line":45,"column":0},"end":{"line":45,"column":29}},"45":{"start":{"line":46,"column":0},"end":{"line":46,"column":59}},"46":{"start":{"line":47,"column":0},"end":{"line":47,"column":33}},"47":{"start":{"line":48,"column":0},"end":{"line":48,"column":61}},"48":{"start":{"line":49,"column":0},"end":{"line":49,"column":31}},"49":{"start":{"line":50,"column":0},"end":{"line":50,"column":60}},"50":{"start":{"line":51,"column":0},"end":{"line":51,"column":16}},"51":{"start":{"line":52,"column":0},"end":{"line":52,"column":34}},"52":{"start":{"line":53,"column":0},"end":{"line":53,"column":82}},"53":{"start":{"line":54,"column":0},"end":{"line":54,"column":27}},"54":{"start":{"line":55,"column":0},"end":{"line":55,"column":48}},"55":{"start":{"line":56,"column":0},"end":{"line":56,"column":9}},"56":{"start":{"line":57,"column":0},"end":{"line":57,"column":60}},"57":{"start":{"line":58,"column":0},"end":{"line":58,"column":7}},"58":{"start":{"line":59,"column":0},"end":{"line":59,"column":5}},"59":{"start":{"line":60,"column":0},"end":{"line":60,"column":3}},"60":{"start":{"line":61,"column":0},"end":{"line":61,"column":1}},"61":{"start":{"line":62,"column":0},"end":{"line":62,"column":0}},"62":{"start":{"line":63,"column":0},"end":{"line":63,"column":48}},"63":{"start":{"line":64,"column":0},"end":{"line":64,"column":48}},"64":{"start":{"line":65,"column":0},"end":{"line":65,"column":43}},"65":{"start":{"line":66,"column":0},"end":{"line":66,"column":3}},"66":{"start":{"line":67,"column":0},"end":{"line":67,"column":1}},"67":{"start":{"line":68,"column":0},"end":{"line":68,"column":0}},"68":{"start":{"line":69,"column":0},"end":{"line":69,"column":45}},"69":{"start":{"line":70,"column":0},"end":{"line":70,"column":43}},"70":{"start":{"line":71,"column":0},"end":{"line":71,"column":39}},"71":{"start":{"line":72,"column":0},"end":{"line":72,"column":3}},"72":{"start":{"line":73,"column":0},"end":{"line":73,"column":1}},"73":{"start":{"line":74,"column":0},"end":{"line":74,"column":0}},"74":{"start":{"line":75,"column":0},"end":{"line":75,"column":47}},"75":{"start":{"line":76,"column":0},"end":{"line":76,"column":40}},"76":{"start":{"line":77,"column":0},"end":{"line":77,"column":42}},"77":{"start":{"line":78,"column":0},"end":{"line":78,"column":3}},"78":{"start":{"line":79,"column":0},"end":{"line":79,"column":1}},"79":{"start":{"line":80,"column":0},"end":{"line":80,"column":0}},"80":{"start":{"line":81,"column":0},"end":{"line":81,"column":45}},"81":{"start":{"line":82,"column":0},"end":{"line":82,"column":38}},"82":{"start":{"line":83,"column":0},"end":{"line":83,"column":40}},"83":{"start":{"line":84,"column":0},"end":{"line":84,"column":3}},"84":{"start":{"line":85,"column":0},"end":{"line":85,"column":1}},"85":{"start":{"line":86,"column":0},"end":{"line":86,"column":0}},"86":{"start":{"line":87,"column":0},"end":{"line":87,"column":46}},"87":{"start":{"line":88,"column":0},"end":{"line":88,"column":46}},"88":{"start":{"line":89,"column":0},"end":{"line":89,"column":40}},"89":{"start":{"line":90,"column":0},"end":{"line":90,"column":3}},"90":{"start":{"line":91,"column":0},"end":{"line":91,"column":1}},"91":{"start":{"line":92,"column":0},"end":{"line":92,"column":0}},"92":{"start":{"line":93,"column":0},"end":{"line":93,"column":44}},"93":{"start":{"line":94,"column":0},"end":{"line":94,"column":47}},"94":{"start":{"line":95,"column":0},"end":{"line":95,"column":39}},"95":{"start":{"line":96,"column":0},"end":{"line":96,"column":3}},"96":{"start":{"line":97,"column":0},"end":{"line":97,"column":1}},"97":{"start":{"line":98,"column":0},"end":{"line":98,"column":0}},"98":{"start":{"line":99,"column":0},"end":{"line":99,"column":45}},"99":{"start":{"line":100,"column":0},"end":{"line":100,"column":47}},"100":{"start":{"line":101,"column":0},"end":{"line":101,"column":40}},"101":{"start":{"line":102,"column":0},"end":{"line":102,"column":3}},"102":{"start":{"line":103,"column":0},"end":{"line":103,"column":1}},"103":{"start":{"line":104,"column":0},"end":{"line":104,"column":0}},"104":{"start":{"line":105,"column":0},"end":{"line":105,"column":49}},"105":{"start":{"line":106,"column":0},"end":{"line":106,"column":45}},"106":{"start":{"line":107,"column":0},"end":{"line":107,"column":44}},"107":{"start":{"line":108,"column":0},"end":{"line":108,"column":3}},"108":{"start":{"line":109,"column":0},"end":{"line":109,"column":1}},"109":{"start":{"line":110,"column":0},"end":{"line":110,"column":0}},"110":{"start":{"line":111,"column":0},"end":{"line":111,"column":43}},"111":{"start":{"line":112,"column":0},"end":{"line":112,"column":46}},"112":{"start":{"line":113,"column":0},"end":{"line":113,"column":38}},"113":{"start":{"line":114,"column":0},"end":{"line":114,"column":3}},"114":{"start":{"line":115,"column":0},"end":{"line":115,"column":1}},"115":{"start":{"line":116,"column":0},"end":{"line":116,"column":0}},"116":{"start":{"line":117,"column":0},"end":{"line":117,"column":48}},"117":{"start":{"line":118,"column":0},"end":{"line":118,"column":49}},"118":{"start":{"line":119,"column":0},"end":{"line":119,"column":43}},"119":{"start":{"line":120,"column":0},"end":{"line":120,"column":3}},"120":{"start":{"line":121,"column":0},"end":{"line":121,"column":1}}},"s":{"0":1,"1":1,"2":1,"3":1,"4":1,"5":1,"6":1,"7":1,"8":1,"9":1,"10":1,"11":1,"12":1,"13":1,"14":1,"15":1,"16":1,"17":1,"18":1,"19":1,"20":1,"21":1,"22":1,"23":1,"24":1,"25":2,"26":2,"27":2,"28":2,"29":2,"30":2,"31":2,"32":2,"33":2,"34":2,"35":2,"36":2,"37":0,"38":2,"39":0,"40":2,"41":1,"42":2,"43":2,"44":2,"45":1,"46":2,"47":0,"48":2,"49":0,"50":2,"51":0,"52":0,"53":0,"54":0,"55":0,"56":0,"57":0,"58":2,"59":2,"60":2,"61":1,"62":1,"63":1,"64":0,"65":0,"66":1,"67":1,"68":1,"69":1,"70":1,"71":1,"72":1,"73":1,"74":1,"75":1,"76":0,"77":0,"78":1,"79":1,"80":1,"81":1,"82":1,"83":1,"84":1,"85":1,"86":1,"87":1,"88":0,"89":0,"90":1,"91":1,"92":1,"93":1,"94":0,"95":0,"96":1,"97":1,"98":1,"99":1,"100":0,"101":0,"102":1,"103":1,"104":1,"105":1,"106":0,"107":0,"108":1,"109":1,"110":1,"111":1,"112":0,"113":0,"114":1,"115":1,"116":1,"117":1,"118":0,"119":0,"120":1},"branchMap":{"0":{"type":"branch","line":12,"loc":{"start":{"line":12,"column":0},"end":{"line":23,"column":1}},"locations":[{"start":{"line":12,"column":0},"end":{"line":23,"column":1}}]},"1":{"type":"branch","line":25,"loc":{"start":{"line":25,"column":44},"end":{"line":61,"column":1}},"locations":[{"start":{"line":25,"column":44},"end":{"line":61,"column":1}}]},"2":{"type":"branch","line":26,"loc":{"start":{"line":26,"column":2},"end":{"line":31,"column":3}},"locations":[{"start":{"line":26,"column":2},"end":{"line":31,"column":3}}]},"3":{"type":"branch","line":33,"loc":{"start":{"line":33,"column":16},"end":{"line":60,"column":3}},"locations":[{"start":{"line":33,"column":16},"end":{"line":60,"column":3}}]},"4":{"type":"branch","line":35,"loc":{"start":{"line":35,"column":6},"end":{"line":35,"column":31}},"locations":[{"start":{"line":35,"column":6},"end":{"line":35,"column":31}}]},"5":{"type":"branch","line":36,"loc":{"start":{"line":36,"column":6},"end":{"line":36,"column":35}},"locations":[{"start":{"line":36,"column":6},"end":{"line":36,"column":35}}]},"6":{"type":"branch","line":37,"loc":{"start":{"line":37,"column":6},"end":{"line":38,"column":62}},"locations":[{"start":{"line":37,"column":6},"end":{"line":38,"column":62}}]},"7":{"type":"branch","line":39,"loc":{"start":{"line":39,"column":6},"end":{"line":40,"column":67}},"locations":[{"start":{"line":39,"column":6},"end":{"line":40,"column":67}}]},"8":{"type":"branch","line":41,"loc":{"start":{"line":41,"column":6},"end":{"line":42,"column":64}},"locations":[{"start":{"line":41,"column":6},"end":{"line":42,"column":64}}]},"9":{"type":"branch","line":43,"loc":{"start":{"line":43,"column":6},"end":{"line":43,"column":31}},"locations":[{"start":{"line":43,"column":6},"end":{"line":43,"column":31}}]},"10":{"type":"branch","line":44,"loc":{"start":{"line":44,"column":6},"end":{"line":44,"column":30}},"locations":[{"start":{"line":44,"column":6},"end":{"line":44,"column":30}}]},"11":{"type":"branch","line":45,"loc":{"start":{"line":45,"column":6},"end":{"line":46,"column":59}},"locations":[{"start":{"line":45,"column":6},"end":{"line":46,"column":59}}]},"12":{"type":"branch","line":47,"loc":{"start":{"line":47,"column":6},"end":{"line":48,"column":61}},"locations":[{"start":{"line":47,"column":6},"end":{"line":48,"column":61}}]},"13":{"type":"branch","line":49,"loc":{"start":{"line":49,"column":6},"end":{"line":50,"column":60}},"locations":[{"start":{"line":49,"column":6},"end":{"line":50,"column":60}}]},"14":{"type":"branch","line":51,"loc":{"start":{"line":51,"column":6},"end":{"line":58,"column":7}},"locations":[{"start":{"line":51,"column":6},"end":{"line":58,"column":7}}]},"15":{"type":"branch","line":70,"loc":{"start":{"line":70,"column":2},"end":{"line":72,"column":3}},"locations":[{"start":{"line":70,"column":2},"end":{"line":72,"column":3}}]},"16":{"type":"branch","line":82,"loc":{"start":{"line":82,"column":2},"end":{"line":84,"column":3}},"locations":[{"start":{"line":82,"column":2},"end":{"line":84,"column":3}}]}},"b":{"0":[1],"1":[2],"2":[2],"3":[2],"4":[0],"5":[0],"6":[0],"7":[0],"8":[1],"9":[1],"10":[1],"11":[1],"12":[0],"13":[0],"14":[0],"15":[1],"16":[1]},"fnMap":{"0":{"name":"<instance_members_initializer>","decl":{"start":{"line":25,"column":44},"end":{"line":61,"column":1}},"loc":{"start":{"line":25,"column":44},"end":{"line":61,"column":1}},"line":25},"1":{"name":"ApiError","decl":{"start":{"line":26,"column":2},"end":{"line":31,"column":3}},"loc":{"start":{"line":26,"column":2},"end":{"line":31,"column":3}},"line":26},"2":{"name":"handle","decl":{"start":{"line":33,"column":16},"end":{"line":60,"column":3}},"loc":{"start":{"line":33,"column":16},"end":{"line":60,"column":3}},"line":33},"3":{"name":"AuthFailureError","decl":{"start":{"line":64,"column":2},"end":{"line":66,"column":3}},"loc":{"start":{"line":64,"column":2},"end":{"line":66,"column":3}},"line":64},"4":{"name":"InternalError","decl":{"start":{"line":70,"column":2},"end":{"line":72,"column":3}},"loc":{"start":{"line":70,"column":2},"end":{"line":72,"column":3}},"line":70},"5":{"name":"BadRequestError","decl":{"start":{"line":76,"column":2},"end":{"line":78,"column":3}},"loc":{"start":{"line":76,"column":2},"end":{"line":78,"column":3}},"line":76},"6":{"name":"NotFoundError","decl":{"start":{"line":82,"column":2},"end":{"line":84,"column":3}},"loc":{"start":{"line":82,"column":2},"end":{"line":84,"column":3}},"line":82},"7":{"name":"ForbiddenError","decl":{"start":{"line":88,"column":2},"end":{"line":90,"column":3}},"loc":{"start":{"line":88,"column":2},"end":{"line":90,"column":3}},"line":88},"8":{"name":"NoEntryError","decl":{"start":{"line":94,"column":2},"end":{"line":96,"column":3}},"loc":{"start":{"line":94,"column":2},"end":{"line":96,"column":3}},"line":94},"9":{"name":"BadTokenError","decl":{"start":{"line":100,"column":2},"end":{"line":102,"column":3}},"loc":{"start":{"line":100,"column":2},"end":{"line":102,"column":3}},"line":100},"10":{"name":"TokenExpiredError","decl":{"start":{"line":106,"column":2},"end":{"line":108,"column":3}},"loc":{"start":{"line":106,"column":2},"end":{"line":108,"column":3}},"line":106},"11":{"name":"NoDataError","decl":{"start":{"line":112,"column":2},"end":{"line":114,"column":3}},"loc":{"start":{"line":112,"column":2},"end":{"line":114,"column":3}},"line":112},"12":{"name":"AccessTokenError","decl":{"start":{"line":118,"column":2},"end":{"line":120,"column":3}},"loc":{"start":{"line":118,"column":2},"end":{"line":120,"column":3}},"line":118}},"f":{"0":2,"1":2,"2":2,"3":0,"4":1,"5":0,"6":1,"7":0,"8":0,"9":0,"10":0,"11":0,"12":0}}
,"C:\\express-postgres-template\\src\\core\\ApiResponse.ts": {"path":"C:\\express-postgres-template\\src\\core\\ApiResponse.ts","all":false,"statementMap":{"0":{"start":{"line":1,"column":0},"end":{"line":1,"column":35}},"1":{"start":{"line":2,"column":0},"end":{"line":2,"column":0}},"2":{"start":{"line":3,"column":0},"end":{"line":3,"column":85}},"3":{"start":{"line":4,"column":0},"end":{"line":4,"column":17}},"4":{"start":{"line":5,"column":0},"end":{"line":5,"column":22}},"5":{"start":{"line":6,"column":0},"end":{"line":6,"column":22}},"6":{"start":{"line":7,"column":0},"end":{"line":7,"column":20}},"7":{"start":{"line":8,"column":0},"end":{"line":8,"column":35}},"8":{"start":{"line":9,"column":0},"end":{"line":9,"column":1}},"9":{"start":{"line":10,"column":0},"end":{"line":10,"column":0}},"10":{"start":{"line":11,"column":0},"end":{"line":11,"column":21}},"11":{"start":{"line":12,"column":0},"end":{"line":12,"column":18}},"12":{"start":{"line":13,"column":0},"end":{"line":13,"column":22}},"13":{"start":{"line":14,"column":0},"end":{"line":14,"column":23}},"14":{"start":{"line":15,"column":0},"end":{"line":15,"column":20}},"15":{"start":{"line":16,"column":0},"end":{"line":16,"column":20}},"16":{"start":{"line":17,"column":0},"end":{"line":17,"column":25}},"17":{"start":{"line":18,"column":0},"end":{"line":18,"column":1}},"18":{"start":{"line":19,"column":0},"end":{"line":19,"column":0}},"19":{"start":{"line":20,"column":0},"end":{"line":20,"column":28}},"20":{"start":{"line":21,"column":0},"end":{"line":21,"column":16}},"21":{"start":{"line":22,"column":0},"end":{"line":22,"column":41}},"22":{"start":{"line":23,"column":0},"end":{"line":23,"column":41}},"23":{"start":{"line":24,"column":0},"end":{"line":24,"column":34}},"24":{"start":{"line":25,"column":0},"end":{"line":25,"column":9}},"25":{"start":{"line":26,"column":0},"end":{"line":26,"column":0}},"26":{"start":{"line":27,"column":0},"end":{"line":27,"column":45}},"27":{"start":{"line":28,"column":0},"end":{"line":28,"column":22}},"28":{"start":{"line":29,"column":0},"end":{"line":29,"column":20}},"29":{"start":{"line":30,"column":0},"end":{"line":30,"column":43}},"30":{"start":{"line":31,"column":0},"end":{"line":31,"column":17}},"31":{"start":{"line":32,"column":0},"end":{"line":32,"column":83}},"32":{"start":{"line":33,"column":0},"end":{"line":33,"column":76}},"33":{"start":{"line":34,"column":0},"end":{"line":34,"column":5}},"34":{"start":{"line":35,"column":0},"end":{"line":35,"column":0}},"35":{"start":{"line":36,"column":0},"end":{"line":36,"column":16}},"36":{"start":{"line":37,"column":0},"end":{"line":37,"column":22}},"37":{"start":{"line":38,"column":0},"end":{"line":38,"column":48}},"38":{"start":{"line":39,"column":0},"end":{"line":39,"column":17}},"39":{"start":{"line":40,"column":0},"end":{"line":40,"column":61}},"40":{"start":{"line":41,"column":0},"end":{"line":41,"column":5}},"41":{"start":{"line":42,"column":0},"end":{"line":42,"column":0}},"42":{"start":{"line":43,"column":0},"end":{"line":43,"column":68}},"43":{"start":{"line":44,"column":0},"end":{"line":44,"column":33}},"44":{"start":{"line":45,"column":0},"end":{"line":45,"column":39}},"45":{"start":{"line":46,"column":0},"end":{"line":46,"column":37}},"46":{"start":{"line":47,"column":0},"end":{"line":47,"column":28}},"47":{"start":{"line":48,"column":0},"end":{"line":48,"column":84}},"48":{"start":{"line":49,"column":0},"end":{"line":49,"column":21}},"49":{"start":{"line":50,"column":0},"end":{"line":50,"column":5}},"50":{"start":{"line":51,"column":0},"end":{"line":51,"column":1}},"51":{"start":{"line":52,"column":0},"end":{"line":52,"column":0}},"52":{"start":{"line":53,"column":0},"end":{"line":53,"column":54}},"53":{"start":{"line":54,"column":0},"end":{"line":54,"column":53}},"54":{"start":{"line":55,"column":0},"end":{"line":55,"column":72}},"55":{"start":{"line":56,"column":0},"end":{"line":56,"column":5}},"56":{"start":{"line":57,"column":0},"end":{"line":57,"column":1}},"57":{"start":{"line":58,"column":0},"end":{"line":58,"column":0}},"58":{"start":{"line":59,"column":0},"end":{"line":59,"column":51}},"59":{"start":{"line":60,"column":0},"end":{"line":60,"column":40}},"60":{"start":{"line":61,"column":0},"end":{"line":61,"column":69}},"61":{"start":{"line":62,"column":0},"end":{"line":62,"column":5}},"62":{"start":{"line":63,"column":0},"end":{"line":63,"column":0}},"63":{"start":{"line":64,"column":0},"end":{"line":64,"column":76}},"64":{"start":{"line":65,"column":0},"end":{"line":65,"column":67}},"65":{"start":{"line":66,"column":0},"end":{"line":66,"column":5}},"66":{"start":{"line":67,"column":0},"end":{"line":67,"column":1}},"67":{"start":{"line":68,"column":0},"end":{"line":68,"column":0}},"68":{"start":{"line":69,"column":0},"end":{"line":69,"column":52}},"69":{"start":{"line":70,"column":0},"end":{"line":70,"column":40}},"70":{"start":{"line":71,"column":0},"end":{"line":71,"column":69}},"71":{"start":{"line":72,"column":0},"end":{"line":72,"column":5}},"72":{"start":{"line":73,"column":0},"end":{"line":73,"column":1}},"73":{"start":{"line":74,"column":0},"end":{"line":74,"column":0}},"74":{"start":{"line":75,"column":0},"end":{"line":75,"column":53}},"75":{"start":{"line":76,"column":0},"end":{"line":76,"column":45}},"76":{"start":{"line":77,"column":0},"end":{"line":77,"column":71}},"77":{"start":{"line":78,"column":0},"end":{"line":78,"column":5}},"78":{"start":{"line":79,"column":0},"end":{"line":79,"column":1}},"79":{"start":{"line":80,"column":0},"end":{"line":80,"column":0}},"80":{"start":{"line":81,"column":0},"end":{"line":81,"column":56}},"81":{"start":{"line":82,"column":0},"end":{"line":82,"column":45}},"82":{"start":{"line":83,"column":0},"end":{"line":83,"column":74}},"83":{"start":{"line":84,"column":0},"end":{"line":84,"column":5}},"84":{"start":{"line":85,"column":0},"end":{"line":85,"column":1}},"85":{"start":{"line":86,"column":0},"end":{"line":86,"column":0}},"86":{"start":{"line":87,"column":0},"end":{"line":87,"column":53}},"87":{"start":{"line":88,"column":0},"end":{"line":88,"column":34}},"88":{"start":{"line":89,"column":0},"end":{"line":89,"column":67}},"89":{"start":{"line":90,"column":0},"end":{"line":90,"column":5}},"90":{"start":{"line":91,"column":0},"end":{"line":91,"column":1}},"91":{"start":{"line":92,"column":0},"end":{"line":92,"column":0}},"92":{"start":{"line":93,"column":0},"end":{"line":93,"column":53}},"93":{"start":{"line":94,"column":0},"end":{"line":94,"column":34}},"94":{"start":{"line":95,"column":0},"end":{"line":95,"column":67}},"95":{"start":{"line":96,"column":0},"end":{"line":96,"column":5}},"96":{"start":{"line":97,"column":0},"end":{"line":97,"column":1}},"97":{"start":{"line":98,"column":0},"end":{"line":98,"column":0}},"98":{"start":{"line":99,"column":0},"end":{"line":99,"column":53}},"99":{"start":{"line":100,"column":0},"end":{"line":100,"column":51}},"100":{"start":{"line":101,"column":0},"end":{"line":101,"column":67}},"101":{"start":{"line":102,"column":0},"end":{"line":102,"column":5}},"102":{"start":{"line":103,"column":0},"end":{"line":103,"column":0}},"103":{"start":{"line":104,"column":0},"end":{"line":104,"column":76}},"104":{"start":{"line":105,"column":0},"end":{"line":105,"column":69}},"105":{"start":{"line":106,"column":0},"end":{"line":106,"column":5}},"106":{"start":{"line":107,"column":0},"end":{"line":107,"column":1}},"107":{"start":{"line":108,"column":0},"end":{"line":108,"column":0}},"108":{"start":{"line":109,"column":0},"end":{"line":109,"column":59}},"109":{"start":{"line":110,"column":0},"end":{"line":110,"column":42}},"110":{"start":{"line":111,"column":0},"end":{"line":111,"column":0}},"111":{"start":{"line":112,"column":0},"end":{"line":112,"column":51}},"112":{"start":{"line":113,"column":0},"end":{"line":113,"column":14}},"113":{"start":{"line":114,"column":0},"end":{"line":114,"column":44}},"114":{"start":{"line":115,"column":0},"end":{"line":115,"column":40}},"115":{"start":{"line":116,"column":0},"end":{"line":116,"column":20}},"116":{"start":{"line":117,"column":0},"end":{"line":117,"column":10}},"117":{"start":{"line":118,"column":0},"end":{"line":118,"column":5}},"118":{"start":{"line":119,"column":0},"end":{"line":119,"column":0}},"119":{"start":{"line":120,"column":0},"end":{"line":120,"column":76}},"120":{"start":{"line":121,"column":0},"end":{"line":121,"column":47}},"121":{"start":{"line":122,"column":0},"end":{"line":122,"column":75}},"122":{"start":{"line":123,"column":0},"end":{"line":123,"column":5}},"123":{"start":{"line":124,"column":0},"end":{"line":124,"column":1}},"124":{"start":{"line":125,"column":0},"end":{"line":125,"column":0}},"125":{"start":{"line":126,"column":0},"end":{"line":126,"column":55}},"126":{"start":{"line":127,"column":0},"end":{"line":127,"column":16}},"127":{"start":{"line":128,"column":0},"end":{"line":128,"column":24}},"128":{"start":{"line":129,"column":0},"end":{"line":129,"column":36}},"129":{"start":{"line":130,"column":0},"end":{"line":130,"column":37}},"130":{"start":{"line":131,"column":0},"end":{"line":131,"column":7}},"131":{"start":{"line":132,"column":0},"end":{"line":132,"column":67}},"132":{"start":{"line":133,"column":0},"end":{"line":133,"column":5}},"133":{"start":{"line":134,"column":0},"end":{"line":134,"column":0}},"134":{"start":{"line":135,"column":0},"end":{"line":135,"column":76}},"135":{"start":{"line":136,"column":0},"end":{"line":136,"column":71}},"136":{"start":{"line":137,"column":0},"end":{"line":137,"column":5}},"137":{"start":{"line":138,"column":0},"end":{"line":138,"column":1}}},"s":{"0":1,"1":1,"2":1,"3":1,"4":1,"5":1,"6":1,"7":1,"8":1,"9":1,"10":1,"11":1,"12":1,"13":1,"14":1,"15":1,"16":1,"17":1,"18":1,"19":1,"20":4,"21":4,"22":4,"23":4,"24":4,"25":4,"26":4,"27":4,"28":4,"29":4,"30":4,"31":4,"32":4,"33":4,"34":4,"35":4,"36":1,"37":1,"38":1,"39":1,"40":1,"41":4,"42":4,"43":4,"44":4,"45":4,"46":4,"47":4,"48":4,"49":4,"50":4,"51":1,"52":1,"53":1,"54":0,"55":0,"56":1,"57":1,"58":1,"59":1,"60":2,"61":2,"62":1,"63":1,"64":2,"65":2,"66":1,"67":1,"68":1,"69":1,"70":0,"71":0,"72":1,"73":1,"74":1,"75":1,"76":0,"77":0,"78":1,"79":1,"80":1,"81":1,"82":1,"83":1,"84":1,"85":1,"86":1,"87":1,"88":0,"89":0,"90":1,"91":1,"92":1,"93":1,"94":0,"95":0,"96":1,"97":1,"98":1,"99":0,"100":0,"101":0,"102":0,"103":0,"104":0,"105":0,"106":0,"107":1,"108":1,"109":1,"110":1,"111":1,"112":1,"113":1,"114":1,"115":1,"116":1,"117":1,"118":1,"119":1,"120":1,"121":1,"122":1,"123":1,"124":1,"125":1,"126":0,"127":0,"128":0,"129":0,"130":0,"131":0,"132":0,"133":0,"134":0,"135":0,"136":0,"137":0},"branchMap":{"0":{"type":"branch","line":4,"loc":{"start":{"line":4,"column":0},"end":{"line":9,"column":1}},"locations":[{"start":{"line":4,"column":0},"end":{"line":9,"column":1}}]},"1":{"type":"branch","line":11,"loc":{"start":{"line":11,"column":0},"end":{"line":18,"column":1}},"locations":[{"start":{"line":11,"column":0},"end":{"line":18,"column":1}}]},"2":{"type":"branch","line":20,"loc":{"start":{"line":20,"column":26},"end":{"line":51,"column":1}},"locations":[{"start":{"line":20,"column":26},"end":{"line":51,"column":1}}]},"3":{"type":"branch","line":21,"loc":{"start":{"line":21,"column":4},"end":{"line":25,"column":9}},"locations":[{"start":{"line":21,"column":4},"end":{"line":25,"column":9}}]},"4":{"type":"branch","line":27,"loc":{"start":{"line":27,"column":14},"end":{"line":34,"column":5}},"locations":[{"start":{"line":27,"column":14},"end":{"line":34,"column":5}}]},"5":{"type":"branch","line":32,"loc":{"start":{"line":32,"column":60},"end":{"line":32,"column":83}},"locations":[{"start":{"line":32,"column":60},"end":{"line":32,"column":83}}]},"6":{"type":"branch","line":36,"loc":{"start":{"line":36,"column":11},"end":{"line":41,"column":5}},"locations":[{"start":{"line":36,"column":11},"end":{"line":41,"column":5}}]},"7":{"type":"branch","line":43,"loc":{"start":{"line":43,"column":19},"end":{"line":50,"column":5}},"locations":[{"start":{"line":43,"column":19},"end":{"line":50,"column":5}}]},"8":{"type":"branch","line":48,"loc":{"start":{"line":48,"column":31},"end":{"line":48,"column":84}},"locations":[{"start":{"line":48,"column":31},"end":{"line":48,"column":84}}]},"9":{"type":"branch","line":48,"loc":{"start":{"line":48,"column":68},"end":{"line":48,"column":84}},"locations":[{"start":{"line":48,"column":68},"end":{"line":48,"column":84}}]},"10":{"type":"branch","line":60,"loc":{"start":{"line":60,"column":4},"end":{"line":62,"column":5}},"locations":[{"start":{"line":60,"column":4},"end":{"line":62,"column":5}}]},"11":{"type":"branch","line":64,"loc":{"start":{"line":64,"column":4},"end":{"line":66,"column":5}},"locations":[{"start":{"line":64,"column":4},"end":{"line":66,"column":5}}]},"12":{"type":"branch","line":82,"loc":{"start":{"line":82,"column":4},"end":{"line":84,"column":5}},"locations":[{"start":{"line":82,"column":4},"end":{"line":84,"column":5}}]},"13":{"type":"branch","line":99,"loc":{"start":{"line":99,"column":51},"end":{"line":107,"column":1}},"locations":[{"start":{"line":99,"column":51},"end":{"line":107,"column":1}}]},"14":{"type":"branch","line":109,"loc":{"start":{"line":109,"column":57},"end":{"line":124,"column":1}},"locations":[{"start":{"line":109,"column":57},"end":{"line":124,"column":1}}]},"15":{"type":"branch","line":112,"loc":{"start":{"line":112,"column":4},"end":{"line":118,"column":5}},"locations":[{"start":{"line":112,"column":4},"end":{"line":118,"column":5}}]},"16":{"type":"branch","line":120,"loc":{"start":{"line":120,"column":4},"end":{"line":123,"column":5}},"locations":[{"start":{"line":120,"column":4},"end":{"line":123,"column":5}}]},"17":{"type":"branch","line":126,"loc":{"start":{"line":126,"column":53},"end":{"line":138,"column":1}},"locations":[{"start":{"line":126,"column":53},"end":{"line":138,"column":1}}]}},"b":{"0":[1],"1":[1],"2":[4],"3":[4],"4":[4],"5":[1],"6":[1],"7":[4],"8":[9],"9":[0],"10":[2],"11":[2],"12":[1],"13":[0],"14":[1],"15":[1],"16":[1],"17":[0]},"fnMap":{"0":{"name":"<instance_members_initializer>","decl":{"start":{"line":20,"column":26},"end":{"line":51,"column":1}},"loc":{"start":{"line":20,"column":26},"end":{"line":51,"column":1}},"line":20},"1":{"name":"ApiResponse","decl":{"start":{"line":21,"column":4},"end":{"line":25,"column":9}},"loc":{"start":{"line":21,"column":4},"end":{"line":25,"column":9}},"line":21},"2":{"name":"prepare","decl":{"start":{"line":27,"column":14},"end":{"line":34,"column":5}},"loc":{"start":{"line":27,"column":14},"end":{"line":34,"column":5}},"line":27},"3":{"name":"send","decl":{"start":{"line":36,"column":11},"end":{"line":41,"column":5}},"loc":{"start":{"line":36,"column":11},"end":{"line":41,"column":5}},"line":36},"4":{"name":"sanitize","decl":{"start":{"line":43,"column":19},"end":{"line":50,"column":5}},"loc":{"start":{"line":43,"column":19},"end":{"line":50,"column":5}},"line":43},"5":{"name":"AuthFailureResponse","decl":{"start":{"line":54,"column":4},"end":{"line":56,"column":5}},"loc":{"start":{"line":54,"column":4},"end":{"line":56,"column":5}},"line":54},"6":{"name":"NotFoundResponse","decl":{"start":{"line":60,"column":4},"end":{"line":62,"column":5}},"loc":{"start":{"line":60,"column":4},"end":{"line":62,"column":5}},"line":60},"7":{"name":"send","decl":{"start":{"line":64,"column":4},"end":{"line":66,"column":5}},"loc":{"start":{"line":64,"column":4},"end":{"line":66,"column":5}},"line":64},"8":{"name":"ForbiddenResponse","decl":{"start":{"line":70,"column":4},"end":{"line":72,"column":5}},"loc":{"start":{"line":70,"column":4},"end":{"line":72,"column":5}},"line":70},"9":{"name":"BadRequestResponse","decl":{"start":{"line":76,"column":4},"end":{"line":78,"column":5}},"loc":{"start":{"line":76,"column":4},"end":{"line":78,"column":5}},"line":76},"10":{"name":"InternalErrorResponse","decl":{"start":{"line":82,"column":4},"end":{"line":84,"column":5}},"loc":{"start":{"line":82,"column":4},"end":{"line":84,"column":5}},"line":82},"11":{"name":"SuccessMsgResponse","decl":{"start":{"line":88,"column":4},"end":{"line":90,"column":5}},"loc":{"start":{"line":88,"column":4},"end":{"line":90,"column":5}},"line":88},"12":{"name":"FailureMsgResponse","decl":{"start":{"line":94,"column":4},"end":{"line":96,"column":5}},"loc":{"start":{"line":94,"column":4},"end":{"line":96,"column":5}},"line":94},"13":{"name":"<instance_members_initializer>","decl":{"start":{"line":99,"column":51},"end":{"line":107,"column":1}},"loc":{"start":{"line":99,"column":51},"end":{"line":107,"column":1}},"line":99},"14":{"name":"<instance_members_initializer>","decl":{"start":{"line":109,"column":57},"end":{"line":124,"column":1}},"loc":{"start":{"line":109,"column":57},"end":{"line":124,"column":1}},"line":109},"15":{"name":"AccessTokenErrorResponse","decl":{"start":{"line":112,"column":4},"end":{"line":118,"column":5}},"loc":{"start":{"line":112,"column":4},"end":{"line":118,"column":5}},"line":112},"16":{"name":"send","decl":{"start":{"line":120,"column":4},"end":{"line":123,"column":5}},"loc":{"start":{"line":120,"column":4},"end":{"line":123,"column":5}},"line":120},"17":{"name":"<instance_members_initializer>","decl":{"start":{"line":126,"column":53},"end":{"line":138,"column":1}},"loc":{"start":{"line":126,"column":53},"end":{"line":138,"column":1}},"line":126}},"f":{"0":4,"1":4,"2":4,"3":1,"4":4,"5":0,"6":2,"7":2,"8":0,"9":0,"10":1,"11":0,"12":0,"13":0,"14":1,"15":1,"16":1,"17":0}}
,"C:\\express-postgres-template\\src\\core\\utils.ts": {"path":"C:\\express-postgres-template\\src\\core\\utils.ts","all":false,"statementMap":{"0":{"start":{"line":1,"column":0},"end":{"line":1,"column":43}},"1":{"start":{"line":2,"column":0},"end":{"line":2,"column":39}},"2":{"start":{"line":3,"column":0},"end":{"line":3,"column":0}},"3":{"start":{"line":4,"column":0},"end":{"line":4,"column":26}},"4":{"start":{"line":5,"column":0},"end":{"line":5,"column":24}},"5":{"start":{"line":6,"column":0},"end":{"line":6,"column":34}},"6":{"start":{"line":7,"column":0},"end":{"line":7,"column":1}},"7":{"start":{"line":8,"column":0},"end":{"line":8,"column":0}},"8":{"start":{"line":9,"column":0},"end":{"line":9,"column":51}},"9":{"start":{"line":10,"column":0},"end":{"line":10,"column":78}},"10":{"start":{"line":11,"column":0},"end":{"line":11,"column":14}},"11":{"start":{"line":12,"column":0},"end":{"line":12,"column":1}}},"s":{"0":1,"1":1,"2":1,"3":1,"4":1,"5":1,"6":1,"7":1,"8":1,"9":1,"10":1,"11":1},"branchMap":{"0":{"type":"branch","line":9,"loc":{"start":{"line":9,"column":7},"end":{"line":12,"column":1}},"locations":[{"start":{"line":9,"column":7},"end":{"line":12,"column":1}}]}},"b":{"0":[1]},"fnMap":{"0":{"name":"getUserData","decl":{"start":{"line":9,"column":7},"end":{"line":12,"column":1}},"loc":{"start":{"line":9,"column":7},"end":{"line":12,"column":1}},"line":9}},"f":{"0":1}}
,"C:\\express-postgres-template\\src\\helpers\\generateApiKey.ts": {"path":"C:\\express-postgres-template\\src\\helpers\\generateApiKey.ts","all":false,"statementMap":{"0":{"start":{"line":1,"column":0},"end":{"line":1,"column":28}},"1":{"start":{"line":2,"column":0},"end":{"line":2,"column":61}},"2":{"start":{"line":3,"column":0},"end":{"line":3,"column":40}},"3":{"start":{"line":4,"column":0},"end":{"line":4,"column":49}},"4":{"start":{"line":5,"column":0},"end":{"line":5,"column":0}},"5":{"start":{"line":6,"column":0},"end":{"line":6,"column":35}},"6":{"start":{"line":7,"column":0},"end":{"line":7,"column":21}},"7":{"start":{"line":8,"column":0},"end":{"line":8,"column":27}},"8":{"start":{"line":9,"column":0},"end":{"line":9,"column":3}},"9":{"start":{"line":10,"column":0},"end":{"line":10,"column":53}},"10":{"start":{"line":11,"column":0},"end":{"line":11,"column":0}},"11":{"start":{"line":12,"column":0},"end":{"line":12,"column":72}},"12":{"start":{"line":13,"column":0},"end":{"line":13,"column":0}},"13":{"start":{"line":14,"column":0},"end":{"line":14,"column":16}},"14":{"start":{"line":15,"column":0},"end":{"line":15,"column":47}},"15":{"start":{"line":16,"column":0},"end":{"line":16,"column":3}},"16":{"start":{"line":17,"column":0},"end":{"line":17,"column":0}},"17":{"start":{"line":18,"column":0},"end":{"line":18,"column":36}},"18":{"start":{"line":19,"column":0},"end":{"line":19,"column":13}},"19":{"start":{"line":20,"column":0},"end":{"line":20,"column":1}},"20":{"start":{"line":21,"column":0},"end":{"line":21,"column":0}},"21":{"start":{"line":22,"column":0},"end":{"line":22,"column":85}},"22":{"start":{"line":23,"column":0},"end":{"line":23,"column":38}},"23":{"start":{"line":24,"column":0},"end":{"line":24,"column":13}},"24":{"start":{"line":25,"column":0},"end":{"line":25,"column":23}},"25":{"start":{"line":26,"column":0},"end":{"line":26,"column":68}},"26":{"start":{"line":27,"column":0},"end":{"line":27,"column":71}},"27":{"start":{"line":28,"column":0},"end":{"line":28,"column":6}},"28":{"start":{"line":29,"column":0},"end":{"line":29,"column":21}},"29":{"start":{"line":30,"column":0},"end":{"line":30,"column":1}}},"s":{"0":1,"1":1,"2":1,"3":1,"4":1,"5":1,"6":2,"7":2,"8":2,"9":2,"10":2,"11":2,"12":2,"13":2,"14":1,"15":1,"16":1,"17":1,"18":1,"19":1,"20":1,"21":1,"22":1,"23":0,"24":0,"25":0,"26":0,"27":0,"28":0,"29":0},"branchMap":{"0":{"type":"branch","line":23,"loc":{"start":{"line":23,"column":37},"end":{"line":30,"column":1}},"locations":[{"start":{"line":23,"column":37},"end":{"line":30,"column":1}}]},"1":{"type":"branch","line":6,"loc":{"start":{"line":6,"column":7},"end":{"line":20,"column":1}},"locations":[{"start":{"line":6,"column":7},"end":{"line":20,"column":1}}]},"2":{"type":"branch","line":14,"loc":{"start":{"line":14,"column":15},"end":{"line":20,"column":1}},"locations":[{"start":{"line":14,"column":15},"end":{"line":20,"column":1}}]}},"b":{"0":[0],"1":[2],"2":[1]},"fnMap":{"0":{"name":"createApiKey","decl":{"start":{"line":6,"column":7},"end":{"line":20,"column":1}},"loc":{"start":{"line":6,"column":7},"end":{"line":20,"column":1}},"line":6}},"f":{"0":2}}
}
