TN:
SF:src\config.js
FNF:0
FNH:0
DA:1,1
DA:2,1
DA:3,1
DA:4,1
DA:5,1
DA:6,1
DA:7,1
DA:8,1
DA:9,1
DA:10,1
DA:11,1
DA:12,1
LF:12
LH:12
BRDA:1,0,0,1
BRF:1
BRH:1
end_of_record
TN:
SF:src\core\ApiError.ts
FN:25,<instance_members_initializer>
FN:26,ApiError
FN:33,handle
FN:64,AuthFailureError
FN:70,InternalError
FN:76,BadRequestError
FN:82,NotFoundError
FN:88,ForbiddenError
FN:94,NoEntryError
FN:100,BadTokenError
FN:106,TokenExpiredError
FN:112,NoDataError
FN:118,AccessTokenError
FNF:13
FNH:5
FNDA:2,<instance_members_initializer>
FNDA:2,ApiError
FNDA:2,handle
FNDA:0,AuthFailureError
FNDA:1,InternalError
FNDA:0,BadRequestError
FNDA:1,NotFoundError
FNDA:0,ForbiddenError
FNDA:0,NoEntryError
FNDA:0,BadTokenError
FNDA:0,TokenExpiredError
FNDA:0,NoDataError
FNDA:0,AccessTokenError
DA:1,1
DA:2,1
DA:3,1
DA:4,1
DA:5,1
DA:6,1
DA:7,1
DA:8,1
DA:9,1
DA:10,1
DA:11,1
DA:12,1
DA:13,1
DA:14,1
DA:15,1
DA:16,1
DA:17,1
DA:18,1
DA:19,1
DA:20,1
DA:21,1
DA:22,1
DA:23,1
DA:24,1
DA:25,1
DA:26,2
DA:27,2
DA:28,2
DA:29,2
DA:30,2
DA:31,2
DA:32,2
DA:33,2
DA:34,2
DA:35,2
DA:36,2
DA:37,2
DA:38,0
DA:39,2
DA:40,0
DA:41,2
DA:42,1
DA:43,2
DA:44,2
DA:45,2
DA:46,1
DA:47,2
DA:48,0
DA:49,2
DA:50,0
DA:51,2
DA:52,0
DA:53,0
DA:54,0
DA:55,0
DA:56,0
DA:57,0
DA:58,0
DA:59,2
DA:60,2
DA:61,2
DA:62,1
DA:63,1
DA:64,1
DA:65,0
DA:66,0
DA:67,1
DA:68,1
DA:69,1
DA:70,1
DA:71,1
DA:72,1
DA:73,1
DA:74,1
DA:75,1
DA:76,1
DA:77,0
DA:78,0
DA:79,1
DA:80,1
DA:81,1
DA:82,1
DA:83,1
DA:84,1
DA:85,1
DA:86,1
DA:87,1
DA:88,1
DA:89,0
DA:90,0
DA:91,1
DA:92,1
DA:93,1
DA:94,1
DA:95,0
DA:96,0
DA:97,1
DA:98,1
DA:99,1
DA:100,1
DA:101,0
DA:102,0
DA:103,1
DA:104,1
DA:105,1
DA:106,1
DA:107,0
DA:108,0
DA:109,1
DA:110,1
DA:111,1
DA:112,1
DA:113,0
DA:114,0
DA:115,1
DA:116,1
DA:117,1
DA:118,1
DA:119,0
DA:120,0
DA:121,1
LF:121
LH:94
BRDA:12,0,0,1
BRDA:25,1,0,2
BRDA:26,2,0,2
BRDA:33,3,0,2
BRDA:35,4,0,0
BRDA:36,5,0,0
BRDA:37,6,0,0
BRDA:39,7,0,0
BRDA:41,8,0,1
BRDA:43,9,0,1
BRDA:44,10,0,1
BRDA:45,11,0,1
BRDA:47,12,0,0
BRDA:49,13,0,0
BRDA:51,14,0,0
BRDA:70,15,0,1
BRDA:82,16,0,1
BRF:17
BRH:10
end_of_record
TN:
SF:src\core\ApiResponse.ts
FN:20,<instance_members_initializer>
FN:21,ApiResponse
FN:27,prepare
FN:36,send
FN:43,sanitize
FN:54,AuthFailureResponse
FN:60,NotFoundResponse
FN:64,send
FN:70,ForbiddenResponse
FN:76,BadRequestResponse
FN:82,InternalErrorResponse
FN:88,SuccessMsgResponse
FN:94,FailureMsgResponse
FN:99,<instance_members_initializer>
FN:109,<instance_members_initializer>
FN:112,AccessTokenErrorResponse
FN:120,send
FN:126,<instance_members_initializer>
FNF:18
FNH:11
FNDA:4,<instance_members_initializer>
FNDA:4,ApiResponse
FNDA:4,prepare
FNDA:1,send
FNDA:4,sanitize
FNDA:0,AuthFailureResponse
FNDA:2,NotFoundResponse
FNDA:2,send
FNDA:0,ForbiddenResponse
FNDA:0,BadRequestResponse
FNDA:1,InternalErrorResponse
FNDA:0,SuccessMsgResponse
FNDA:0,FailureMsgResponse
FNDA:0,<instance_members_initializer>
FNDA:1,<instance_members_initializer>
FNDA:1,AccessTokenErrorResponse
FNDA:1,send
FNDA:0,<instance_members_initializer>
DA:1,1
DA:2,1
DA:3,1
DA:4,1
DA:5,1
DA:6,1
DA:7,1
DA:8,1
DA:9,1
DA:10,1
DA:11,1
DA:12,1
DA:13,1
DA:14,1
DA:15,1
DA:16,1
DA:17,1
DA:18,1
DA:19,1
DA:20,1
DA:21,4
DA:22,4
DA:23,4
DA:24,4
DA:25,4
DA:26,4
DA:27,4
DA:28,4
DA:29,4
DA:30,4
DA:31,4
DA:32,4
DA:33,4
DA:34,4
DA:35,4
DA:36,4
DA:37,1
DA:38,1
DA:39,1
DA:40,1
DA:41,1
DA:42,4
DA:43,4
DA:44,4
DA:45,4
DA:46,4
DA:47,4
DA:48,4
DA:49,4
DA:50,4
DA:51,4
DA:52,1
DA:53,1
DA:54,1
DA:55,0
DA:56,0
DA:57,1
DA:58,1
DA:59,1
DA:60,1
DA:61,2
DA:62,2
DA:63,1
DA:64,1
DA:65,2
DA:66,2
DA:67,1
DA:68,1
DA:69,1
DA:70,1
DA:71,0
DA:72,0
DA:73,1
DA:74,1
DA:75,1
DA:76,1
DA:77,0
DA:78,0
DA:79,1
DA:80,1
DA:81,1
DA:82,1
DA:83,1
DA:84,1
DA:85,1
DA:86,1
DA:87,1
DA:88,1
DA:89,0
DA:90,0
DA:91,1
DA:92,1
DA:93,1
DA:94,1
DA:95,0
DA:96,0
DA:97,1
DA:98,1
DA:99,1
DA:100,0
DA:101,0
DA:102,0
DA:103,0
DA:104,0
DA:105,0
DA:106,0
DA:107,0
DA:108,1
DA:109,1
DA:110,1
DA:111,1
DA:112,1
DA:113,1
DA:114,1
DA:115,1
DA:116,1
DA:117,1
DA:118,1
DA:119,1
DA:120,1
DA:121,1
DA:122,1
DA:123,1
DA:124,1
DA:125,1
DA:126,1
DA:127,0
DA:128,0
DA:129,0
DA:130,0
DA:131,0
DA:132,0
DA:133,0
DA:134,0
DA:135,0
DA:136,0
DA:137,0
DA:138,0
LF:138
LH:108
BRDA:4,0,0,1
BRDA:11,1,0,1
BRDA:20,2,0,4
BRDA:21,3,0,4
BRDA:27,4,0,4
BRDA:32,5,0,1
BRDA:36,6,0,1
BRDA:43,7,0,4
BRDA:48,8,0,9
BRDA:48,9,0,0
BRDA:60,10,0,2
BRDA:64,11,0,2
BRDA:82,12,0,1
BRDA:99,13,0,0
BRDA:109,14,0,1
BRDA:112,15,0,1
BRDA:120,16,0,1
BRDA:126,17,0,0
BRF:18
BRH:15
end_of_record
TN:
SF:src\core\utils.ts
FN:9,getUserData
FNF:1
FNH:1
FNDA:1,getUserData
DA:1,1
DA:2,1
DA:3,1
DA:4,1
DA:5,1
DA:6,1
DA:7,1
DA:8,1
DA:9,1
DA:10,1
DA:11,1
DA:12,1
LF:12
LH:12
BRDA:9,0,0,1
BRF:1
BRH:1
end_of_record
TN:
SF:src\helpers\generateApiKey.ts
FN:6,createApiKey
FNF:1
FNH:1
FNDA:2,createApiKey
DA:1,1
DA:2,1
DA:3,1
DA:4,1
DA:5,1
DA:6,1
DA:7,2
DA:8,2
DA:9,2
DA:10,2
DA:11,2
DA:12,2
DA:13,2
DA:14,2
DA:15,1
DA:16,1
DA:17,1
DA:18,1
DA:19,1
DA:20,1
DA:21,1
DA:22,1
DA:23,1
DA:24,0
DA:25,0
DA:26,0
DA:27,0
DA:28,0
DA:29,0
DA:30,0
LF:30
LH:23
BRDA:23,0,0,0
BRDA:6,1,0,2
BRDA:14,2,0,1
BRF:3
BRH:2
end_of_record
